<?xml version="1.0" encoding="UTF-8"?>
<testng-results skipped="0" failed="0" total="3" passed="3">
  <reporter-output>
  </reporter-output>
  <suite name="Ecommerce" duration-ms="7291" started-at="2016-04-29T05:31:40Z" finished-at="2016-04-29T05:31:47Z">
    <groups>
    </groups>
    <test name="SanityTests" duration-ms="7291" started-at="2016-04-29T05:31:40Z" finished-at="2016-04-29T05:31:47Z">
      <class name="sanityTests.UIcheck">
        <test-method status="PASS" signature="urlTitle()[pri:0, instance:sanityTests.UIcheck@5ae584d0]" name="urlTitle" is-config="true" duration-ms="1508" started-at="2016-04-28T22:31:40Z" finished-at="2016-04-28T22:31:41Z">
          <reporter-output>
          </reporter-output>
        </test-method> <!-- urlTitle -->
        <test-method status="PASS" signature="checkLinks()[pri:0, instance:sanityTests.UIcheck@5ae584d0]" name="checkLinks" duration-ms="175" started-at="2016-04-28T22:31:41Z" finished-at="2016-04-28T22:31:42Z">
          <reporter-output>
          </reporter-output>
        </test-method> <!-- checkLinks -->
        <test-method status="PASS" signature="searchResults()[pri:0, instance:sanityTests.UIcheck@5ae584d0]" name="searchResults" duration-ms="102" started-at="2016-04-28T22:31:42Z" finished-at="2016-04-28T22:31:42Z">
          <reporter-output>
          </reporter-output>
        </test-method> <!-- searchResults -->
        <test-method status="PASS" signature="textFields()[pri:0, instance:sanityTests.UIcheck@5ae584d0]" name="textFields" duration-ms="5473" started-at="2016-04-28T22:31:42Z" finished-at="2016-04-28T22:31:47Z">
          <reporter-output>
          </reporter-output>
        </test-method> <!-- textFields -->
        <test-method status="PASS" signature="closeBrowser()[pri:0, instance:sanityTests.UIcheck@5ae584d0]" name="closeBrowser" is-config="true" duration-ms="14" started-at="2016-04-28T22:31:47Z" finished-at="2016-04-28T22:31:47Z">
          <reporter-output>
          </reporter-output>
        </test-method> <!-- closeBrowser -->
      </class> <!-- sanityTests.UIcheck -->
    </test> <!-- SanityTests -->
  </suite> <!-- Ecommerce -->
</testng-results>
